<?xml version="1.0" encoding="UTF-8"?>
<testsuite name="com.marcin.pawlicki.trafficlazer.SecurityTest" tests="1" skipped="0" failures="0" errors="0" timestamp="2020-06-25T20:32:03" hostname="DESKTOP-MK3R2RR" time="0.294">
  <properties/>
  <testcase name="shouldDetectSYNScan" classname="com.marcin.pawlicki.trafficlazer.SecurityTest" time="0.294"/>
  <system-out><![CDATA[]]></system-out>
  <system-err><![CDATA[SLF4J: Failed to load class "org.slf4j.impl.StaticLoggerBinder".
SLF4J: Defaulting to no-operation (NOP) logger implementation
SLF4J: See http://www.slf4j.org/codes.html#StaticLoggerBinder for further details.
]]></system-err>
</testsuite>
